# JRE version: OpenJDK Runtime Environment (11.0.12+7) (build 11.0.12+7-b1504.28-7817840)
# Java VM: OpenJDK 64-Bit Server VM (11.0.12+7-b1504.28-7817840, mixed mode, tiered, compressed oops, g1 gc, windows-amd64)
Heap:
 garbage-first heap   total 78848K, used 29716K [0x0000000080000000, 0x0000000100000000)
  region size 1024K, 16 young (16384K), 2 survivors (2048K)
 Metaspace       used 22544K, capacity 23058K, committed 23164K, reserved 1069056K
  class space    used 2801K, capacity 2967K, committed 3020K, reserved 1048576K
GC Heap History (20 events):
Event: 15.846 GC heap before
{Heap before GC invocations=1 (full 0):
 garbage-first heap   total 65536K, used 9928K [0x0000000080000000, 0x0000000100000000)
  region size 1024K, 4 young (4096K), 2 survivors (2048K)
 Metaspace       used 7128K, capacity 7289K, committed 7424K, reserved 1056768K
  class space    used 635K, capacity 682K, committed 768K, reserved 1048576K
}
Event: 15.868 GC heap after
{Heap after GC invocations=2 (full 0):
 garbage-first heap   total 65536K, used 8727K [0x0000000080000000, 0x0000000100000000)
  region size 1024K, 1 young (1024K), 1 survivors (1024K)
 Metaspace       used 7128K, capacity 7289K, committed 7424K, reserved 1056768K
  class space    used 635K, capacity 682K, committed 768K, reserved 1048576K
}
Event: 27.721 GC heap before
{Heap before GC invocations=2 (full 0):
 garbage-first heap   total 65536K, used 17943K [0x0000000080000000, 0x0000000100000000)
  region size 1024K, 10 young (10240K), 1 survivors (1024K)
 Metaspace       used 10346K, capacity 10629K, committed 10880K, reserved 1058816K
  class space    used 1072K, capacity 1139K, committed 1152K, reserved 1048576K
}
Event: 27.919 GC heap after
{Heap after GC invocations=3 (full 0):
 garbage-first heap   total 65536K, used 9609K [0x0000000080000000, 0x0000000100000000)
  region size 1024K, 2 young (2048K), 2 survivors (2048K)
 Metaspace       used 10346K, capacity 10629K, committed 10880K, reserved 1058816K
  class space    used 1072K, capacity 1139K, committed 1152K, reserved 1048576K
}
Event: 40.415 GC heap before
{Heap before GC invocations=3 (full 0):
 garbage-first heap   total 65536K, used 15753K [0x0000000080000000, 0x0000000100000000)
  region size 1024K, 9 young (9216K), 2 survivors (2048K)
 Metaspace       used 11069K, capacity 11356K, committed 11520K, reserved 1058816K
  class space    used 1161K, capacity 1211K, committed 1280K, reserved 1048576K
}
Event: 40.470 GC heap after
{Heap after GC invocations=4 (full 0):
 garbage-first heap   total 65536K, used 10015K [0x0000000080000000, 0x0000000100000000)
  region size 1024K, 2 young (2048K), 2 survivors (2048K)
 Metaspace       used 11069K, capacity 11356K, committed 11520K, reserved 1058816K
  class space    used 1161K, capacity 1211K, committed 1280K, reserved 1048576K
}
Event: 45.529 GC heap before
{Heap before GC invocations=4 (full 0):
 garbage-first heap   total 65536K, used 21279K [0x0000000080000000, 0x0000000100000000)
  region size 1024K, 13 young (13312K), 2 survivors (2048K)
 Metaspace       used 11249K, capacity 11520K, committed 11776K, reserved 1060864K
  class space    used 1173K, capacity 1244K, committed 1280K, reserved 1048576K
}
Event: 45.648 GC heap after
{Heap after GC invocations=5 (full 0):
 garbage-first heap   total 65536K, used 10254K [0x0000000080000000, 0x0000000100000000)
  region size 1024K, 1 young (1024K), 1 survivors (1024K)
 Metaspace       used 11249K, capacity 11520K, committed 11776K, reserved 1060864K
  class space    used 1173K, capacity 1244K, committed 1280K, reserved 1048576K
}
Event: 47.098 GC heap before
{Heap before GC invocations=5 (full 0):
 garbage-first heap   total 65536K, used 21518K [0x0000000080000000, 0x0000000100000000)
  region size 1024K, 12 young (12288K), 1 survivors (1024K)
 Metaspace       used 11270K, capacity 11520K, committed 11776K, reserved 1060864K
  class space    used 1175K, capacity 1244K, committed 1280K, reserved 1048576K
}
Event: 47.112 GC heap after
{Heap after GC invocations=6 (full 0):
 garbage-first heap   total 65536K, used 12837K [0x0000000080000000, 0x0000000100000000)
  region size 1024K, 2 young (2048K), 2 survivors (2048K)
 Metaspace       used 11270K, capacity 11520K, committed 11776K, reserved 1060864K
  class space    used 1175K, capacity 1244K, committed 1280K, reserved 1048576K
}
Event: 50.700 GC heap before
{Heap before GC invocations=6 (full 0):
 garbage-first heap   total 65536K, used 26149K [0x0000000080000000, 0x0000000100000000)
  region size 1024K, 16 young (16384K), 2 survivors (2048K)
 Metaspace       used 11431K, capacity 11768K, committed 11904K, reserved 1060864K
  class space    used 1206K, capacity 1284K, committed 1408K, reserved 1048576K
}
Event: 50.782 GC heap after
{Heap after GC invocations=7 (full 0):
 garbage-first heap   total 65536K, used 14321K [0x0000000080000000, 0x0000000100000000)
  region size 1024K, 2 young (2048K), 2 survivors (2048K)
 Metaspace       used 11431K, capacity 11768K, committed 11904K, reserved 1060864K
  class space    used 1206K, capacity 1284K, committed 1408K, reserved 1048576K
}
Event: 81.063 GC heap before
{Heap before GC invocations=7 (full 0):
 garbage-first heap   total 65536K, used 30705K [0x0000000080000000, 0x0000000100000000)
  region size 1024K, 18 young (18432K), 2 survivors (2048K)
 Metaspace       used 15578K, capacity 16029K, committed 16256K, reserved 1062912K
  class space    used 1773K, capacity 1896K, committed 1920K, reserved 1048576K
}
Event: 81.446 GC heap after
{Heap after GC invocations=8 (full 0):
 garbage-first heap   total 78848K, used 15715K [0x0000000080000000, 0x0000000100000000)
  region size 1024K, 2 young (2048K), 2 survivors (2048K)
 Metaspace       used 15578K, capacity 16029K, committed 16256K, reserved 1062912K
  class space    used 1773K, capacity 1896K, committed 1920K, reserved 1048576K
}
Event: 97.669 GC heap before
{Heap before GC invocations=8 (full 0):
 garbage-first heap   total 78848K, used 30051K [0x0000000080000000, 0x0000000100000000)
  region size 1024K, 17 young (17408K), 2 survivors (2048K)
 Metaspace       used 18046K, capacity 18470K, committed 18688K, reserved 1064960K
  class space    used 2131K, capacity 2244K, committed 2304K, reserved 1048576K
}
Event: 97.747 GC heap after
{Heap after GC invocations=9 (full 0):
 garbage-first heap   total 78848K, used 16733K [0x0000000080000000, 0x0000000100000000)
  region size 1024K, 3 young (3072K), 3 survivors (3072K)
 Metaspace       used 18046K, capacity 18470K, committed 18688K, reserved 1064960K
  class space    used 2131K, capacity 2244K, committed 2304K, reserved 1048576K
}
Event: 118.847 GC heap before
{Heap before GC invocations=9 (full 0):
 garbage-first heap   total 78848K, used 33117K [0x0000000080000000, 0x0000000100000000)
  region size 1024K, 19 young (19456K), 3 survivors (3072K)
 Metaspace       used 19787K, capacity 20286K, committed 20608K, reserved 1067008K
  class space    used 2414K, capacity 2570K, committed 2688K, reserved 1048576K
}
Event: 119.022 GC heap after
{Heap after GC invocations=10 (full 0):
 garbage-first heap   total 78848K, used 17202K [0x0000000080000000, 0x0000000100000000)
  region size 1024K, 2 young (2048K), 2 survivors (2048K)
 Metaspace       used 19787K, capacity 20286K, committed 20608K, reserved 1067008K
  class space    used 2414K, capacity 2570K, committed 2688K, reserved 1048576K
}
Event: 138.890 GC heap before
{Heap before GC invocations=10 (full 0):
 garbage-first heap   total 78848K, used 24370K [0x0000000080000000, 0x0000000100000000)
  region size 1024K, 10 young (10240K), 2 survivors (2048K)
 Metaspace       used 20746K, capacity 21190K, committed 21296K, reserved 1069056K
  class space    used 2536K, capacity 2680K, committed 2688K, reserved 1048576K
}
Event: 139.043 GC heap after
{Heap after GC invocations=11 (full 0):
 garbage-first heap   total 78848K, used 17428K [0x0000000080000000, 0x0000000100000000)
  region size 1024K, 2 young (2048K), 2 survivors (2048K)
 Metaspace       used 20746K, capacity 21190K, committed 21296K, reserved 1069056K
  class space    used 2536K, capacity 2680K, committed 2688K, reserved 1048576K
}

